0 info it worked if it ends with ok
1 verbose cli [ '/usr/local/bin/node', '/usr/local/bin/npm', 'run', 'all' ]
2 info using npm@3.10.3
3 info using node@v6.6.0
4 verbose run-script [ 'preall', 'all', 'postall' ]
5 info lifecycle quiz@1.0.0~preall: quiz@1.0.0
6 silly lifecycle quiz@1.0.0~preall: no script for preall, continuing
7 info lifecycle quiz@1.0.0~all: quiz@1.0.0
8 verbose lifecycle quiz@1.0.0~all: unsafe-perm in lifecycle true
9 verbose lifecycle quiz@1.0.0~all: PATH: /usr/local/lib/node_modules/npm/bin/node-gyp-bin:/home/dj/Desktop/100/5.html5/thehtml5quiz.com/node_modules/.bin:/usr/local/bin:/usr/local/sbin:/usr/local/bin:/usr/sbin:/usr/bin:/sbin:/bin:/usr/games:/usr/local/games:/home/dj/.rvm/bin:/home/dj/.rvm/bin
10 verbose lifecycle quiz@1.0.0~all: CWD: /home/dj/Desktop/100/5.html5/thehtml5quiz.com
11 silly lifecycle quiz@1.0.0~all: Args: [ '-c', 'npm run jso && npm run lint' ]
12 silly lifecycle quiz@1.0.0~all: Returned: code: 1  signal: null
13 info lifecycle quiz@1.0.0~all: Failed to exec all script
14 verbose stack Error: quiz@1.0.0 all: `npm run jso && npm run lint`
14 verbose stack Exit status 1
14 verbose stack     at EventEmitter.<anonymous> (/usr/local/lib/node_modules/npm/lib/utils/lifecycle.js:242:16)
14 verbose stack     at emitTwo (events.js:106:13)
14 verbose stack     at EventEmitter.emit (events.js:191:7)
14 verbose stack     at ChildProcess.<anonymous> (/usr/local/lib/node_modules/npm/lib/utils/spawn.js:40:14)
14 verbose stack     at emitTwo (events.js:106:13)
14 verbose stack     at ChildProcess.emit (events.js:191:7)
14 verbose stack     at maybeClose (internal/child_process.js:877:16)
14 verbose stack     at Process.ChildProcess._handle.onexit (internal/child_process.js:226:5)
15 verbose pkgid quiz@1.0.0
16 verbose cwd /home/dj/Desktop/100/5.html5/thehtml5quiz.com
17 error Linux 4.2.0-42-generic
18 error argv "/usr/local/bin/node" "/usr/local/bin/npm" "run" "all"
19 error node v6.6.0
20 error npm  v3.10.3
21 error code ELIFECYCLE
22 error quiz@1.0.0 all: `npm run jso && npm run lint`
22 error Exit status 1
23 error Failed at the quiz@1.0.0 all script 'npm run jso && npm run lint'.
23 error Make sure you have the latest version of node.js and npm installed.
23 error If you do, this is most likely a problem with the quiz package,
23 error not with npm itself.
23 error Tell the author that this fails on your system:
23 error     npm run jso && npm run lint
23 error You can get information on how to open an issue for this project with:
23 error     npm bugs quiz
23 error Or if that isn't available, you can get their info via:
23 error     npm owner ls quiz
23 error There is likely additional logging output above.
24 verbose exit [ 1, true ]
